  Verbe.cpp
d:\git\learnenglish-app\codepa\anglais\project2\verbe.h(9): error C3646: 'GetInfinitf': unknown override specifier
d:\git\learnenglish-app\codepa\anglais\project2\verbe.h(9): error C2059: syntax error: '('
d:\git\learnenglish-app\codepa\anglais\project2\verbe.h(9): error C2238: unexpected token(s) preceding ';'
d:\git\learnenglish-app\codepa\anglais\project2\verbe.h(10): error C3646: 'GetPreterit': unknown override specifier
d:\git\learnenglish-app\codepa\anglais\project2\verbe.h(10): error C2059: syntax error: '('
d:\git\learnenglish-app\codepa\anglais\project2\verbe.h(10): error C2238: unexpected token(s) preceding ';'
d:\git\learnenglish-app\codepa\anglais\project2\verbe.h(11): error C3646: 'GetParticipePasse': unknown override specifier
d:\git\learnenglish-app\codepa\anglais\project2\verbe.h(11): error C2059: syntax error: '('
d:\git\learnenglish-app\codepa\anglais\project2\verbe.h(11): error C2238: unexpected token(s) preceding ';'
d:\git\learnenglish-app\codepa\anglais\project2\verbe.h(12): error C3646: 'GetTraduction': unknown override specifier
d:\git\learnenglish-app\codepa\anglais\project2\verbe.h(12): error C2059: syntax error: '('
d:\git\learnenglish-app\codepa\anglais\project2\verbe.h(12): error C2238: unexpected token(s) preceding ';'
d:\git\learnenglish-app\codepa\anglais\project2\verbe.h(14): error C2061: syntax error: identifier 'string'
d:\git\learnenglish-app\codepa\anglais\project2\verbe.h(15): error C2061: syntax error: identifier 'string'
d:\git\learnenglish-app\codepa\anglais\project2\verbe.h(16): error C2061: syntax error: identifier 'string'
d:\git\learnenglish-app\codepa\anglais\project2\verbe.h(17): error C2061: syntax error: identifier 'string'
d:\git\learnenglish-app\codepa\anglais\project2\verbe.h(21): error C2061: syntax error: identifier 'string'
d:\git\learnenglish-app\codepa\anglais\project2\verbe.h(24): error C3646: 'infinitif': unknown override specifier
d:\git\learnenglish-app\codepa\anglais\project2\verbe.h(24): error C4430: missing type specifier - int assumed. Note: C++ does not support default-int
d:\git\learnenglish-app\codepa\anglais\project2\verbe.h(25): error C3646: 'preterit': unknown override specifier
d:\git\learnenglish-app\codepa\anglais\project2\verbe.h(25): error C4430: missing type specifier - int assumed. Note: C++ does not support default-int
d:\git\learnenglish-app\codepa\anglais\project2\verbe.h(26): error C3646: 'participePasse': unknown override specifier
d:\git\learnenglish-app\codepa\anglais\project2\verbe.h(26): error C4430: missing type specifier - int assumed. Note: C++ does not support default-int
d:\git\learnenglish-app\codepa\anglais\project2\verbe.h(27): error C3646: 'traduction': unknown override specifier
d:\git\learnenglish-app\codepa\anglais\project2\verbe.h(27): error C4430: missing type specifier - int assumed. Note: C++ does not support default-int
d:\git\learnenglish-app\codepa\anglais\project2\verbe.cpp(10): error C2511: 'Verbe::Verbe(std::string,std::string,std::string,std::string,int)': overloaded member function not found in 'Verbe'
  d:\git\learnenglish-app\codepa\anglais\project2\verbe.h(6): note: see declaration of 'Verbe'
d:\git\learnenglish-app\codepa\anglais\project2\verbe.cpp(11): error C2671: 'Verbe::{ctor}': static member functions do not have 'this' pointers
d:\git\learnenglish-app\codepa\anglais\project2\verbe.cpp(11): error C2227: left of '->infinitif' must point to class/struct/union/generic type
d:\git\learnenglish-app\codepa\anglais\project2\verbe.cpp(12): error C2671: 'Verbe::{ctor}': static member functions do not have 'this' pointers
d:\git\learnenglish-app\codepa\anglais\project2\verbe.cpp(12): error C2227: left of '->preterit' must point to class/struct/union/generic type
d:\git\learnenglish-app\codepa\anglais\project2\verbe.cpp(13): error C2671: 'Verbe::{ctor}': static member functions do not have 'this' pointers
d:\git\learnenglish-app\codepa\anglais\project2\verbe.cpp(13): error C2227: left of '->participePasse' must point to class/struct/union/generic type
d:\git\learnenglish-app\codepa\anglais\project2\verbe.cpp(14): error C2671: 'Verbe::{ctor}': static member functions do not have 'this' pointers
d:\git\learnenglish-app\codepa\anglais\project2\verbe.cpp(14): error C2227: left of '->traduction' must point to class/struct/union/generic type
d:\git\learnenglish-app\codepa\anglais\project2\verbe.cpp(15): error C2671: 'Verbe::{ctor}': static member functions do not have 'this' pointers
d:\git\learnenglish-app\codepa\anglais\project2\verbe.cpp(15): error C2227: left of '->score' must point to class/struct/union/generic type
d:\git\learnenglish-app\codepa\anglais\project2\verbe.cpp(19): error C2039: 'GetInfinitf': is not a member of 'Verbe'
  d:\git\learnenglish-app\codepa\anglais\project2\verbe.h(6): note: see declaration of 'Verbe'
d:\git\learnenglish-app\codepa\anglais\project2\verbe.cpp(21): error C2355: 'this': can only be referenced inside non-static member functions or non-static data member initializers
d:\git\learnenglish-app\codepa\anglais\project2\verbe.cpp(21): error C2227: left of '->infinitif' must point to class/struct/union/generic type
d:\git\learnenglish-app\codepa\anglais\project2\verbe.cpp(24): error C2039: 'GetPreterit': is not a member of 'Verbe'
  d:\git\learnenglish-app\codepa\anglais\project2\verbe.h(6): note: see declaration of 'Verbe'
d:\git\learnenglish-app\codepa\anglais\project2\verbe.cpp(26): error C2355: 'this': can only be referenced inside non-static member functions or non-static data member initializers
d:\git\learnenglish-app\codepa\anglais\project2\verbe.cpp(26): error C2227: left of '->preterit' must point to class/struct/union/generic type
d:\git\learnenglish-app\codepa\anglais\project2\verbe.cpp(29): error C2039: 'GetParticipePasse': is not a member of 'Verbe'
  d:\git\learnenglish-app\codepa\anglais\project2\verbe.h(6): note: see declaration of 'Verbe'
d:\git\learnenglish-app\codepa\anglais\project2\verbe.cpp(31): error C2355: 'this': can only be referenced inside non-static member functions or non-static data member initializers
d:\git\learnenglish-app\codepa\anglais\project2\verbe.cpp(31): error C2227: left of '->participePasse' must point to class/struct/union/generic type
d:\git\learnenglish-app\codepa\anglais\project2\verbe.cpp(35): error C2039: 'GetTraduction': is not a member of 'Verbe'
  d:\git\learnenglish-app\codepa\anglais\project2\verbe.h(6): note: see declaration of 'Verbe'
d:\git\learnenglish-app\codepa\anglais\project2\verbe.cpp(37): error C2355: 'this': can only be referenced inside non-static member functions or non-static data member initializers
d:\git\learnenglish-app\codepa\anglais\project2\verbe.cpp(37): error C2227: left of '->traduction' must point to class/struct/union/generic type
d:\git\learnenglish-app\codepa\anglais\project2\verbe.cpp(46): error C2511: 'void Verbe::SetInfinitif(std::string)': overloaded member function not found in 'Verbe'
  d:\git\learnenglish-app\codepa\anglais\project2\verbe.h(6): note: see declaration of 'Verbe'
d:\git\learnenglish-app\codepa\anglais\project2\verbe.cpp(47): error C2671: 'Verbe::SetInfinitif': static member functions do not have 'this' pointers
d:\git\learnenglish-app\codepa\anglais\project2\verbe.cpp(47): error C2227: left of '->infinitif' must point to class/struct/union/generic type
d:\git\learnenglish-app\codepa\anglais\project2\verbe.cpp(51): error C2511: 'void Verbe::SetPreterit(std::string)': overloaded member function not found in 'Verbe'
  d:\git\learnenglish-app\codepa\anglais\project2\verbe.h(6): note: see declaration of 'Verbe'
d:\git\learnenglish-app\codepa\anglais\project2\verbe.cpp(52): error C2671: 'Verbe::SetPreterit': static member functions do not have 'this' pointers
d:\git\learnenglish-app\codepa\anglais\project2\verbe.cpp(52): error C2227: left of '->preterit' must point to class/struct/union/generic type
d:\git\learnenglish-app\codepa\anglais\project2\verbe.cpp(56): error C2511: 'void Verbe::SetParticipePasse(std::string)': overloaded member function not found in 'Verbe'
  d:\git\learnenglish-app\codepa\anglais\project2\verbe.h(6): note: see declaration of 'Verbe'
d:\git\learnenglish-app\codepa\anglais\project2\verbe.cpp(57): error C2671: 'Verbe::SetParticipePasse': static member functions do not have 'this' pointers
d:\git\learnenglish-app\codepa\anglais\project2\verbe.cpp(57): error C2227: left of '->participePasse' must point to class/struct/union/generic type
d:\git\learnenglish-app\codepa\anglais\project2\verbe.cpp(61): error C2511: 'void Verbe::SetTraduction(std::string)': overloaded member function not found in 'Verbe'
  d:\git\learnenglish-app\codepa\anglais\project2\verbe.h(6): note: see declaration of 'Verbe'
d:\git\learnenglish-app\codepa\anglais\project2\verbe.cpp(62): error C2671: 'Verbe::SetTraduction': static member functions do not have 'this' pointers
d:\git\learnenglish-app\codepa\anglais\project2\verbe.cpp(62): error C2227: left of '->traduction' must point to class/struct/union/generic type
  ListeVerbe.cpp
d:\git\learnenglish-app\codepa\anglais\project2\verbe.h(9): error C3646: 'GetInfinitf': unknown override specifier
d:\git\learnenglish-app\codepa\anglais\project2\verbe.h(9): error C2059: syntax error: '('
d:\git\learnenglish-app\codepa\anglais\project2\verbe.h(9): error C2238: unexpected token(s) preceding ';'
d:\git\learnenglish-app\codepa\anglais\project2\verbe.h(10): error C3646: 'GetPreterit': unknown override specifier
d:\git\learnenglish-app\codepa\anglais\project2\verbe.h(10): error C2059: syntax error: '('
d:\git\learnenglish-app\codepa\anglais\project2\verbe.h(10): error C2238: unexpected token(s) preceding ';'
d:\git\learnenglish-app\codepa\anglais\project2\verbe.h(11): error C3646: 'GetParticipePasse': unknown override specifier
d:\git\learnenglish-app\codepa\anglais\project2\verbe.h(11): error C2059: syntax error: '('
d:\git\learnenglish-app\codepa\anglais\project2\verbe.h(11): error C2238: unexpected token(s) preceding ';'
d:\git\learnenglish-app\codepa\anglais\project2\verbe.h(12): error C3646: 'GetTraduction': unknown override specifier
d:\git\learnenglish-app\codepa\anglais\project2\verbe.h(12): error C2059: syntax error: '('
d:\git\learnenglish-app\codepa\anglais\project2\verbe.h(12): error C2238: unexpected token(s) preceding ';'
d:\git\learnenglish-app\codepa\anglais\project2\verbe.h(14): error C2061: syntax error: identifier 'string'
d:\git\learnenglish-app\codepa\anglais\project2\verbe.h(15): error C2061: syntax error: identifier 'string'
d:\git\learnenglish-app\codepa\anglais\project2\verbe.h(16): error C2061: syntax error: identifier 'string'
d:\git\learnenglish-app\codepa\anglais\project2\verbe.h(17): error C2061: syntax error: identifier 'string'
d:\git\learnenglish-app\codepa\anglais\project2\verbe.h(21): error C2061: syntax error: identifier 'string'
d:\git\learnenglish-app\codepa\anglais\project2\verbe.h(24): error C3646: 'infinitif': unknown override specifier
d:\git\learnenglish-app\codepa\anglais\project2\verbe.h(24): error C4430: missing type specifier - int assumed. Note: C++ does not support default-int
d:\git\learnenglish-app\codepa\anglais\project2\verbe.h(25): error C3646: 'preterit': unknown override specifier
d:\git\learnenglish-app\codepa\anglais\project2\verbe.h(25): error C4430: missing type specifier - int assumed. Note: C++ does not support default-int
d:\git\learnenglish-app\codepa\anglais\project2\verbe.h(26): error C3646: 'participePasse': unknown override specifier
d:\git\learnenglish-app\codepa\anglais\project2\verbe.h(26): error C4430: missing type specifier - int assumed. Note: C++ does not support default-int
d:\git\learnenglish-app\codepa\anglais\project2\verbe.h(27): error C3646: 'traduction': unknown override specifier
d:\git\learnenglish-app\codepa\anglais\project2\verbe.h(27): error C4430: missing type specifier - int assumed. Note: C++ does not support default-int
d:\git\learnenglish-app\codepa\anglais\project2\listeverbe.cpp(34): error C2440: '<function-style-cast>': cannot convert from 'initializer list' to 'Verbe'
  d:\git\learnenglish-app\codepa\anglais\project2\listeverbe.cpp(34): note: No constructor could take the source type, or constructor overload resolution was ambiguous
d:\git\learnenglish-app\codepa\anglais\project2\listeverbe.cpp(35): error C2374: 'abide': redefinition; multiple initialization
  d:\git\learnenglish-app\codepa\anglais\project2\listeverbe.cpp(34): note: see declaration of 'abide'
d:\git\learnenglish-app\codepa\anglais\project2\listeverbe.cpp(35): error C2440: '<function-style-cast>': cannot convert from 'initializer list' to 'Verbe'
  d:\git\learnenglish-app\codepa\anglais\project2\listeverbe.cpp(35): note: No constructor could take the source type, or constructor overload resolution was ambiguous
d:\git\learnenglish-app\codepa\anglais\project2\listeverbe.cpp(42): error C3861: 'randAB': identifier not found
  Source.cpp
  Mot.cpp
d:\git\learnenglish-app\codepa\anglais\project2\verbe.h(9): error C3646: 'GetInfinitf': unknown override specifier
d:\git\learnenglish-app\codepa\anglais\project2\verbe.h(9): error C2059: syntax error: '('
d:\git\learnenglish-app\codepa\anglais\project2\verbe.h(9): error C2238: unexpected token(s) preceding ';'
d:\git\learnenglish-app\codepa\anglais\project2\verbe.h(10): error C3646: 'GetPreterit': unknown override specifier
d:\git\learnenglish-app\codepa\anglais\project2\verbe.h(10): error C2059: syntax error: '('
d:\git\learnenglish-app\codepa\anglais\project2\verbe.h(10): error C2238: unexpected token(s) preceding ';'
d:\git\learnenglish-app\codepa\anglais\project2\verbe.h(11): error C3646: 'GetParticipePasse': unknown override specifier
d:\git\learnenglish-app\codepa\anglais\project2\verbe.h(11): error C2059: syntax error: '('
d:\git\learnenglish-app\codepa\anglais\project2\verbe.h(11): error C2238: unexpected token(s) preceding ';'
d:\git\learnenglish-app\codepa\anglais\project2\verbe.h(12): error C3646: 'GetTraduction': unknown override specifier
d:\git\learnenglish-app\codepa\anglais\project2\verbe.h(12): error C2059: syntax error: '('
d:\git\learnenglish-app\codepa\anglais\project2\verbe.h(12): error C2238: unexpected token(s) preceding ';'
d:\git\learnenglish-app\codepa\anglais\project2\verbe.h(14): error C2061: syntax error: identifier 'string'
d:\git\learnenglish-app\codepa\anglais\project2\verbe.h(15): error C2061: syntax error: identifier 'string'
d:\git\learnenglish-app\codepa\anglais\project2\verbe.h(16): error C2061: syntax error: identifier 'string'
d:\git\learnenglish-app\codepa\anglais\project2\verbe.h(17): error C2061: syntax error: identifier 'string'
d:\git\learnenglish-app\codepa\anglais\project2\verbe.h(21): error C2061: syntax error: identifier 'string'
d:\git\learnenglish-app\codepa\anglais\project2\verbe.h(24): error C3646: 'infinitif': unknown override specifier
d:\git\learnenglish-app\codepa\anglais\project2\verbe.h(24): error C4430: missing type specifier - int assumed. Note: C++ does not support default-int
d:\git\learnenglish-app\codepa\anglais\project2\verbe.h(25): error C3646: 'preterit': unknown override specifier
d:\git\learnenglish-app\codepa\anglais\project2\verbe.h(25): error C4430: missing type specifier - int assumed. Note: C++ does not support default-int
d:\git\learnenglish-app\codepa\anglais\project2\verbe.h(26): error C3646: 'participePasse': unknown override specifier
d:\git\learnenglish-app\codepa\anglais\project2\verbe.h(26): error C4430: missing type specifier - int assumed. Note: C++ does not support default-int
d:\git\learnenglish-app\codepa\anglais\project2\verbe.h(27): error C3646: 'traduction': unknown override specifier
d:\git\learnenglish-app\codepa\anglais\project2\verbe.h(27): error C4430: missing type specifier - int assumed. Note: C++ does not support default-int
d:\git\learnenglish-app\codepa\anglais\project2\mot.h(8): error C3646: 'mot': unknown override specifier
d:\git\learnenglish-app\codepa\anglais\project2\mot.h(8): error C4430: missing type specifier - int assumed. Note: C++ does not support default-int
d:\git\learnenglish-app\codepa\anglais\project2\mot.h(9): error C3646: 'traduction': unknown override specifier
d:\git\learnenglish-app\codepa\anglais\project2\mot.h(9): error C4430: missing type specifier - int assumed. Note: C++ does not support default-int
d:\git\learnenglish-app\codepa\anglais\project2\mot.h(13): error C3646: 'getMot': unknown override specifier
d:\git\learnenglish-app\codepa\anglais\project2\mot.h(13): error C2059: syntax error: '('
d:\git\learnenglish-app\codepa\anglais\project2\mot.h(13): error C2238: unexpected token(s) preceding ';'
d:\git\learnenglish-app\codepa\anglais\project2\mot.h(14): error C3646: 'getTraduction': unknown override specifier
d:\git\learnenglish-app\codepa\anglais\project2\mot.h(14): error C2059: syntax error: '('
d:\git\learnenglish-app\codepa\anglais\project2\mot.h(14): error C2238: unexpected token(s) preceding ';'
d:\git\learnenglish-app\codepa\anglais\project2\mot.h(16): error C2061: syntax error: identifier 'string'
d:\git\learnenglish-app\codepa\anglais\project2\mot.h(17): error C2061: syntax error: identifier 'string'
d:\git\learnenglish-app\codepa\anglais\project2\mot.h(19): error C2061: syntax error: identifier 'string'
d:\git\learnenglish-app\codepa\anglais\project2\mot.cpp(8): error C2511: 'Mot::Mot(std::string,std::string,int)': overloaded member function not found in 'Mot'
  d:\git\learnenglish-app\codepa\anglais\project2\mot.h(6): note: see declaration of 'Mot'
d:\git\learnenglish-app\codepa\anglais\project2\mot.cpp(9): error C2671: 'Mot::{ctor}': static member functions do not have 'this' pointers
d:\git\learnenglish-app\codepa\anglais\project2\mot.cpp(9): error C2227: left of '->mot' must point to class/struct/union/generic type
d:\git\learnenglish-app\codepa\anglais\project2\mot.cpp(10): error C2671: 'Mot::{ctor}': static member functions do not have 'this' pointers
d:\git\learnenglish-app\codepa\anglais\project2\mot.cpp(10): error C2227: left of '->traduction' must point to class/struct/union/generic type
d:\git\learnenglish-app\codepa\anglais\project2\mot.cpp(11): error C2671: 'Mot::{ctor}': static member functions do not have 'this' pointers
d:\git\learnenglish-app\codepa\anglais\project2\mot.cpp(11): error C2227: left of '->score' must point to class/struct/union/generic type
d:\git\learnenglish-app\codepa\anglais\project2\mot.cpp(14): error C2039: 'getMot': is not a member of 'Mot'
  d:\git\learnenglish-app\codepa\anglais\project2\mot.h(6): note: see declaration of 'Mot'
d:\git\learnenglish-app\codepa\anglais\project2\mot.cpp(16): error C2355: 'this': can only be referenced inside non-static member functions or non-static data member initializers
d:\git\learnenglish-app\codepa\anglais\project2\mot.cpp(16): error C2227: left of '->mot' must point to class/struct/union/generic type
d:\git\learnenglish-app\codepa\anglais\project2\mot.cpp(19): error C2039: 'getTraduction': is not a member of 'Mot'
  d:\git\learnenglish-app\codepa\anglais\project2\mot.h(6): note: see declaration of 'Mot'
d:\git\learnenglish-app\codepa\anglais\project2\mot.cpp(21): error C2355: 'this': can only be referenced inside non-static member functions or non-static data member initializers
d:\git\learnenglish-app\codepa\anglais\project2\mot.cpp(21): error C2227: left of '->traduction' must point to class/struct/union/generic type
d:\git\learnenglish-app\codepa\anglais\project2\mot.cpp(30): error C2511: 'void Mot::setMot(std::string)': overloaded member function not found in 'Mot'
  d:\git\learnenglish-app\codepa\anglais\project2\mot.h(6): note: see declaration of 'Mot'
d:\git\learnenglish-app\codepa\anglais\project2\mot.cpp(31): error C2671: 'Mot::setMot': static member functions do not have 'this' pointers
d:\git\learnenglish-app\codepa\anglais\project2\mot.cpp(31): error C2227: left of '->mot' must point to class/struct/union/generic type
d:\git\learnenglish-app\codepa\anglais\project2\mot.cpp(35): error C2511: 'void Mot::setTraduction(std::string)': overloaded member function not found in 'Mot'
  d:\git\learnenglish-app\codepa\anglais\project2\mot.h(6): note: see declaration of 'Mot'
d:\git\learnenglish-app\codepa\anglais\project2\mot.cpp(36): error C2671: 'Mot::setTraduction': static member functions do not have 'this' pointers
d:\git\learnenglish-app\codepa\anglais\project2\mot.cpp(36): error C2227: left of '->traduction' must point to class/struct/union/generic type
  ListeMot.cpp
d:\git\learnenglish-app\codepa\anglais\project2\verbe.h(9): error C3646: 'GetInfinitf': unknown override specifier
d:\git\learnenglish-app\codepa\anglais\project2\verbe.h(9): error C2059: syntax error: '('
d:\git\learnenglish-app\codepa\anglais\project2\verbe.h(9): error C2238: unexpected token(s) preceding ';'
d:\git\learnenglish-app\codepa\anglais\project2\verbe.h(10): error C3646: 'GetPreterit': unknown override specifier
d:\git\learnenglish-app\codepa\anglais\project2\verbe.h(10): error C2059: syntax error: '('
d:\git\learnenglish-app\codepa\anglais\project2\verbe.h(10): error C2238: unexpected token(s) preceding ';'
d:\git\learnenglish-app\codepa\anglais\project2\verbe.h(11): error C3646: 'GetParticipePasse': unknown override specifier
d:\git\learnenglish-app\codepa\anglais\project2\verbe.h(11): error C2059: syntax error: '('
d:\git\learnenglish-app\codepa\anglais\project2\verbe.h(11): error C2238: unexpected token(s) preceding ';'
d:\git\learnenglish-app\codepa\anglais\project2\verbe.h(12): error C3646: 'GetTraduction': unknown override specifier
d:\git\learnenglish-app\codepa\anglais\project2\verbe.h(12): error C2059: syntax error: '('
d:\git\learnenglish-app\codepa\anglais\project2\verbe.h(12): error C2238: unexpected token(s) preceding ';'
d:\git\learnenglish-app\codepa\anglais\project2\verbe.h(14): error C2061: syntax error: identifier 'string'
d:\git\learnenglish-app\codepa\anglais\project2\verbe.h(15): error C2061: syntax error: identifier 'string'
d:\git\learnenglish-app\codepa\anglais\project2\verbe.h(16): error C2061: syntax error: identifier 'string'
d:\git\learnenglish-app\codepa\anglais\project2\verbe.h(17): error C2061: syntax error: identifier 'string'
d:\git\learnenglish-app\codepa\anglais\project2\verbe.h(21): error C2061: syntax error: identifier 'string'
d:\git\learnenglish-app\codepa\anglais\project2\verbe.h(24): error C3646: 'infinitif': unknown override specifier
d:\git\learnenglish-app\codepa\anglais\project2\verbe.h(24): error C4430: missing type specifier - int assumed. Note: C++ does not support default-int
d:\git\learnenglish-app\codepa\anglais\project2\verbe.h(25): error C3646: 'preterit': unknown override specifier
d:\git\learnenglish-app\codepa\anglais\project2\verbe.h(25): error C4430: missing type specifier - int assumed. Note: C++ does not support default-int
d:\git\learnenglish-app\codepa\anglais\project2\verbe.h(26): error C3646: 'participePasse': unknown override specifier
d:\git\learnenglish-app\codepa\anglais\project2\verbe.h(26): error C4430: missing type specifier - int assumed. Note: C++ does not support default-int
d:\git\learnenglish-app\codepa\anglais\project2\verbe.h(27): error C3646: 'traduction': unknown override specifier
d:\git\learnenglish-app\codepa\anglais\project2\verbe.h(27): error C4430: missing type specifier - int assumed. Note: C++ does not support default-int
d:\git\learnenglish-app\codepa\anglais\project2\mot.h(8): error C3646: 'mot': unknown override specifier
d:\git\learnenglish-app\codepa\anglais\project2\mot.h(8): error C4430: missing type specifier - int assumed. Note: C++ does not support default-int
d:\git\learnenglish-app\codepa\anglais\project2\mot.h(9): error C3646: 'traduction': unknown override specifier
d:\git\learnenglish-app\codepa\anglais\project2\mot.h(9): error C4430: missing type specifier - int assumed. Note: C++ does not support default-int
d:\git\learnenglish-app\codepa\anglais\project2\mot.h(13): error C3646: 'getMot': unknown override specifier
d:\git\learnenglish-app\codepa\anglais\project2\mot.h(13): error C2059: syntax error: '('
d:\git\learnenglish-app\codepa\anglais\project2\mot.h(13): error C2238: unexpected token(s) preceding ';'
d:\git\learnenglish-app\codepa\anglais\project2\mot.h(14): error C3646: 'getTraduction': unknown override specifier
d:\git\learnenglish-app\codepa\anglais\project2\mot.h(14): error C2059: syntax error: '('
d:\git\learnenglish-app\codepa\anglais\project2\mot.h(14): error C2238: unexpected token(s) preceding ';'
d:\git\learnenglish-app\codepa\anglais\project2\mot.h(16): error C2061: syntax error: identifier 'string'
d:\git\learnenglish-app\codepa\anglais\project2\mot.h(17): error C2061: syntax error: identifier 'string'
d:\git\learnenglish-app\codepa\anglais\project2\mot.h(19): error C2061: syntax error: identifier 'string'
d:\git\learnenglish-app\codepa\anglais\project2\listemot.cpp(41): error C3861: 'randAB': identifier not found
  Generating Code...
